c:\users\lee\desktop\evolutionproject\evolutionproject\debug\vc120.pdb
c:\users\lee\desktop\evolutionproject\evolutionproject\debug\vc120.idb
c:\users\lee\desktop\evolutionproject\evolutionproject\debug\evolutioneffectmanager.obj
c:\users\lee\desktop\evolutionproject\evolutionproject\debug\evolutiongameobject2d.obj
c:\users\lee\desktop\evolutionproject\evolutionproject\debug\evolutiongameobject.obj
c:\users\lee\desktop\evolutionproject\evolutionproject\debug\evolutioninput.obj
c:\users\lee\desktop\evolutionproject\evolutionproject\debug\evolutionlog.obj
c:\users\lee\desktop\evolutionproject\evolutionproject\debug\evolutionmain.obj
c:\users\lee\desktop\evolutionproject\evolutionproject\debug\evolutionmath.obj
c:\users\lee\desktop\evolutionproject\evolutionproject\debug\evolutionscene.obj
c:\users\lee\desktop\evolutionproject\evolutionproject\debug\evolutionscenemanager.obj
c:\users\lee\desktop\evolutionproject\evolutionproject\debug\evolutionshader.obj
c:\users\lee\desktop\evolutionproject\evolutionproject\debug\evolutionskinningmodel.obj
c:\users\lee\desktop\evolutionproject\evolutionproject\debug\evolutionskybox.obj
c:\users\lee\desktop\evolutionproject\evolutionproject\debug\evolutionspherecollider.obj
c:\users\lee\desktop\evolutionproject\evolutionproject\debug\evolutiontexturemanager.obj
c:\users\lee\desktop\evolutionproject\evolutionproject\debug\evolutiontime.obj
c:\users\lee\desktop\evolutionproject\evolutionproject\debug\evolutioncamera.obj
c:\users\lee\desktop\evolutionproject\evolutionproject\debug\evolutiontrail.obj
c:\users\lee\desktop\evolutionproject\evolutionproject\debug\evolutionuifont.obj
c:\users\lee\desktop\evolutionproject\evolutionproject\debug\testobject.obj
c:\users\lee\desktop\evolutionproject\evolutionproject\debug\testscene.obj
c:\users\lee\desktop\evolutionproject\evolutionproject\debug\evolutionanimationhierarchy.obj
c:\users\lee\desktop\evolutionproject\evolutionproject\debug\evolutionanimationmodel.obj
c:\users\lee\desktop\evolutionproject\evolutionproject\debug\evolutioncollider.obj
c:\users\lee\desktop\evolutionproject\evolutionproject\debug\evolutiondiffuseskinning.obj
c:\users\lee\desktop\evolutionproject\evolutionproject\debug\evolutiondiffusetexture.obj
c:\users\lee\desktop\evolutionproject\evolutionproject\debug\evolutionmodel.obj
c:\users\lee\desktop\evolutionproject\evolutionproject\debug\evolutionshape.obj
c:\users\lee\desktop\evolutionproject\evolutionproject\debug\evolutioncore.obj
c:\users\lee\desktop\evolutionproject\evolutionproject\debug\evolutiondiffuse.obj
c:\users\lee\desktop\evolutionproject\debug\evolutionproject.ilk
c:\users\lee\desktop\evolutionproject\debug\evolutionproject.exe
c:\users\lee\desktop\evolutionproject\debug\evolutionproject.pdb
c:\users\lee\desktop\evolutionproject\evolutionproject\debug\evolutionproject.tlog\cl.command.1.tlog
c:\users\lee\desktop\evolutionproject\evolutionproject\debug\evolutionproject.tlog\cl.read.1.tlog
c:\users\lee\desktop\evolutionproject\evolutionproject\debug\evolutionproject.tlog\cl.write.1.tlog
c:\users\lee\desktop\evolutionproject\evolutionproject\debug\evolutionproject.tlog\link.command.1.tlog
c:\users\lee\desktop\evolutionproject\evolutionproject\debug\evolutionproject.tlog\link.read.1.tlog
c:\users\lee\desktop\evolutionproject\evolutionproject\debug\evolutionproject.tlog\link.write.1.tlog
